<?xml version="1.0" encoding="UTF-8"?>
<!-- Generated by org.testng.reporters.JUnitXMLReporter -->
<testsuite ignored="0" hostname="TDG-MBL-GDL246" failures="0" tests="7" name="Default test" time="45.915" errors="0" timestamp="28 Jan 2019 02:05:26 GMT">
  <testcase classname="com.selenium.exercise.Tests" name="loginToTestApp" time="0.935"/>
  <testcase classname="com.selenium.exercise.Tests" name="loginToTestAppNoCredentials" time="1.51"/>
  <testcase classname="com.selenium.exercise.Tests" name="loginToTestAppNoCredentials" time="1.335"/>
  <testcase classname="com.selenium.exercise.Tests" name="loginToTestAppNoCredentials" time="1.197"/>
  <testcase classname="com.selenium.exercise.Tests" name="loginToTestAppNoCredentials" time="0.902"/>
  <testcase classname="com.selenium.exercise.Tests" name="loginToTestAppNoCredentials" time="0.973"/>
  <testcase classname="com.selenium.exercise.Tests" name="loginToTestAppNoCredentials" time="1.166"/>
</testsuite> <!-- Default test -->
